{
  "RSpec": {
    "coverage": {
      "/home/valosip/tic-tac-toe-rb-immersive-alum/lib/tic_tac_toe.rb": [
        null,
        1,
        null,
        null,
        null,
        null,
        null,
        null,
        null,
        null,
        null,
        1,
        27,
        27,
        27,
        27,
        27,
        null,
        null,
        1,
        9340,
        null,
        null,
        1,
        25,
        null,
        null,
        1,
        9344,
        26,
        null,
        9318,
        null,
        null,
        null,
        1,
        9340,
        22,
        null,
        9318,
        null,
        null,
        null,
        1,
        9338,
        9337,
        9337,
        9337,
        9316,
        null,
        22,
        22,
        null,
        null,
        1,
        24,
        24,
        216,
        35,
        null,
        null,
        24,
        null,
        null,
        1,
        23,
        15,
        null,
        8,
        null,
        null,
        null,
        1,
        59,
        362,
        28,
        null,
        null,
        31,
        null,
        null,
        1,
        270,
        8,
        null,
        19,
        null,
        null,
        null,
        1,
        11,
        4,
        null,
        7,
        null,
        null,
        null,
        1,
        23,
        9,
        null,
        14,
        null,
        null,
        null,
        1,
        17,
        10,
        null,
        null,
        null,
        null,
        null,
        1,
        12,
        20,
        null,
        11,
        5,
        6,
        2,
        null,
        null
      ]
    },
    "timestamp": 1585882964
  }
}
