{
  "RSpec": {
    "coverage": {
      "/home/valosip/tic-tac-toe-rb-immersive-alum/lib/tic_tac_toe.rb": [
        null,
        1,
        null,
        null,
        null,
        null,
        null,
        null,
        null,
        null,
        null,
        1,
        26,
        26,
        26,
        26,
        26,
        null,
        null,
        1,
        9339,
        null,
        null,
        1,
        24,
        null,
        null,
        1,
        9343,
        25,
        null,
        9318,
        null,
        null,
        null,
        1,
        9339,
        21,
        null,
        9318,
        null,
        null,
        null,
        1,
        9337,
        9336,
        9336,
        9336,
        9316,
        null,
        21,
        21,
        null,
        null,
        1,
        23,
        23,
        207,
        34,
        null,
        null,
        23,
        null,
        null,
        1,
        22,
        15,
        null,
        7,
        null,
        null,
        null,
        1,
        73,
        474,
        29,
        null,
        null,
        44,
        null,
        null,
        1,
        400,
        8,
        null,
        32,
        null,
        null,
        null,
        1,
        26,
        4,
        null,
        22,
        null,
        null,
        null,
        1,
        22,
        9,
        null,
        13,
        null,
        null,
        null,
        1,
        17,
        10,
        null,
        null,
        null,
        null,
        null,
        1,
        12,
        19,
        18,
        1,
        null,
        null,
        11,
        5,
        6,
        2,
        null,
        4,
        null,
        null
      ]
    },
    "timestamp": 1585883169
  }
}
